2025-07-10T04:10:36.464Z | info  | Finished migration MigrateExecutionStatus1676996103000 {"file":"migration-helpers.js","function":"logMigrationEnd"}
2025-07-10T04:10:36.466Z | info  | Starting migration UpdateRunningExecutionStatus1677236854063 {"file":"migration-helpers.js","function":"logMigrationStart"}
2025-07-10T04:10:36.468Z | info  | Finished migration UpdateRunningExecutionStatus1677236854063 {"file":"migration-helpers.js","function":"logMigrationEnd"}
2025-07-10T04:10:36.469Z | info  | Starting migration CreateVariables1677501636754 {"file":"migration-helpers.js","function":"logMigrationStart"}
2025-07-10T04:10:36.474Z | info  | Finished migration CreateVariables1677501636754 {"file":"migration-helpers.js","function":"logMigrationEnd"}
2025-07-10T04:10:36.476Z | info  | Starting migration CreateExecutionMetadataTable1679416281778 {"file":"migration-helpers.js","function":"logMigrationStart"}
2025-07-10T04:10:36.499Z | info  | Finished migration CreateExecutionMetadataTable1679416281778 {"file":"migration-helpers.js","function":"logMigrationEnd"}
2025-07-10T04:10:36.503Z | info  | Starting migration AddUserActivatedProperty1681134145996 {"file":"migration-helpers.js","function":"logMigrationStart"}
2025-07-10T04:10:36.508Z | info  | Finished migration AddUserActivatedProperty1681134145996 {"file":"migration-helpers.js","function":"logMigrationEnd"}
2025-07-10T04:10:36.511Z | info  | Starting migration RemoveSkipOwnerSetup1681134145997 {"file":"migration-helpers.js","function":"logMigrationStart"}
2025-07-10T04:10:36.512Z | info  | Finished migration RemoveSkipOwnerSetup1681134145997 {"file":"migration-helpers.js","function":"logMigrationEnd"}
2025-07-10T04:10:36.514Z | info  | Starting migration MigrateIntegerKeysToString1690000000000 {"file":"migration-helpers.js","function":"logMigrationStart"}
2025-07-10T04:10:36.618Z | info  | Finished migration MigrateIntegerKeysToString1690000000000 {"file":"migration-helpers.js","function":"logMigrationEnd"}
2025-07-10T04:10:36.622Z | info  | Starting migration SeparateExecutionData1690000000020 {"file":"migration-helpers.js","function":"logMigrationStart"}
2025-07-10T04:10:36.627Z | info  | Finished migration SeparateExecutionData1690000000020 {"file":"migration-helpers.js","function":"logMigrationEnd"}
2025-07-10T04:10:36.629Z | info  | Starting migration RemoveResetPasswordColumns1690000000030 {"file":"migration-helpers.js","function":"logMigrationStart"}
2025-07-10T04:10:36.675Z | info  | Finished migration RemoveResetPasswordColumns1690000000030 {"file":"migration-helpers.js","function":"logMigrationEnd"}
2025-07-10T04:10:36.677Z | info  | Starting migration AddMfaColumns1690000000030 {"file":"migration-helpers.js","function":"logMigrationStart"}
2025-07-10T04:10:36.682Z | info  | Finished migration AddMfaColumns1690000000030 {"file":"migration-helpers.js","function":"logMigrationEnd"}
2025-07-10T04:10:36.684Z | info  | Starting migration AddMissingPrimaryKeyOnExecutionData1690787606731 {"file":"migration-helpers.js","function":"logMigrationStart"}
2025-07-10T04:10:36.686Z | info  | Finished migration AddMissingPrimaryKeyOnExecutionData1690787606731 {"file":"migration-helpers.js","function":"logMigrationEnd"}
2025-07-10T04:10:36.688Z | info  | Starting migration CreateWorkflowNameIndex1691088862123 {"file":"migration-helpers.js","function":"logMigrationStart"}
2025-07-10T04:10:36.715Z | info  | Finished migration CreateWorkflowNameIndex1691088862123 {"file":"migration-helpers.js","function":"logMigrationEnd"}
2025-07-10T04:10:36.717Z | info  | Starting migration CreateWorkflowHistoryTable1692967111175 {"file":"migration-helpers.js","function":"logMigrationStart"}
2025-07-10T04:10:36.729Z | info  | Finished migration CreateWorkflowHistoryTable1692967111175 {"file":"migration-helpers.js","function":"logMigrationEnd"}
2025-07-10T04:10:36.731Z | info  | Starting migration ExecutionSoftDelete1693491613982 {"file":"migration-helpers.js","function":"logMigrationStart"}
2025-07-10T04:10:36.775Z | info  | Finished migration ExecutionSoftDelete1693491613982 {"file":"migration-helpers.js","function":"logMigrationEnd"}
2025-07-10T04:10:36.778Z | info  | Starting migration DisallowOrphanExecutions1693554410387 {"file":"migration-helpers.js","function":"logMigrationStart"}
2025-07-10T04:10:36.806Z | info  | Finished migration DisallowOrphanExecutions1693554410387 {"file":"migration-helpers.js","function":"logMigrationEnd"}
2025-07-10T04:10:36.809Z | info  | Starting migration MigrateToTimestampTz1694091729095 {"file":"migration-helpers.js","function":"logMigrationStart"}
2025-07-10T04:10:36.967Z | info  | Finished migration MigrateToTimestampTz1694091729095 {"file":"migration-helpers.js","function":"logMigrationEnd"}
2025-07-10T04:10:36.976Z | info  | Starting migration AddWorkflowMetadata1695128658538 {"file":"migration-helpers.js","function":"logMigrationStart"}
2025-07-10T04:10:37.019Z | info  | Finished migration AddWorkflowMetadata1695128658538 {"file":"migration-helpers.js","function":"logMigrationEnd"}
2025-07-10T04:10:37.022Z | info  | Starting migration ModifyWorkflowHistoryNodesAndConnections1695829275184 {"file":"migration-helpers.js","function":"logMigrationStart"}
2025-07-10T04:10:37.049Z | info  | Finished migration ModifyWorkflowHistoryNodesAndConnections1695829275184 {"file":"migration-helpers.js","function":"logMigrationEnd"}
2025-07-10T04:10:37.051Z | info  | Starting migration AddGlobalAdminRole1700571993961 {"file":"migration-helpers.js","function":"logMigrationStart"}
2025-07-10T04:10:37.053Z | info  | Finished migration AddGlobalAdminRole1700571993961 {"file":"migration-helpers.js","function":"logMigrationEnd"}
2025-07-10T04:10:37.054Z | info  | Starting migration DropRoleMapping1705429061930 {"file":"migration-helpers.js","function":"logMigrationStart"}
2025-07-10T04:10:37.227Z | info  | Finished migration DropRoleMapping1705429061930 {"file":"migration-helpers.js","function":"logMigrationEnd"}
2025-07-10T04:10:37.229Z | info  | Starting migration RemoveFailedExecutionStatus1711018413374 {"file":"migration-helpers.js","function":"logMigrationStart"}
2025-07-10T04:10:37.230Z | info  | Finished migration RemoveFailedExecutionStatus1711018413374 {"file":"migration-helpers.js","function":"logMigrationEnd"}
2025-07-10T04:10:37.232Z | info  | Starting migration MoveSshKeysToDatabase1711390882123 {"file":"migration-helpers.js","function":"logMigrationStart"}
2025-07-10T04:10:37.233Z | info  | [MoveSshKeysToDatabase1711390882123] No SSH keys in filesystem, skipping {"file":"1711390882123-MoveSshKeysToDatabase.js","function":"up"}
2025-07-10T04:10:37.234Z | info  | Finished migration MoveSshKeysToDatabase1711390882123 {"file":"migration-helpers.js","function":"logMigrationEnd"}
2025-07-10T04:10:37.238Z | info  | Starting migration RemoveNodesAccess1712044305787 {"file":"migration-helpers.js","function":"logMigrationStart"}
2025-07-10T04:10:37.259Z | info  | Finished migration RemoveNodesAccess1712044305787 {"file":"migration-helpers.js","function":"logMigrationEnd"}
2025-07-10T04:10:37.261Z | info  | Starting migration CreateProject1714133768519 {"file":"migration-helpers.js","function":"logMigrationStart"}
2025-07-10T04:10:37.486Z | info  | Finished migration CreateProject1714133768519 {"file":"migration-helpers.js","function":"logMigrationEnd"}
2025-07-10T04:10:37.489Z | info  | Starting migration MakeExecutionStatusNonNullable1714133768521 {"file":"migration-helpers.js","function":"logMigrationStart"}
2025-07-10T04:10:37.519Z | info  | Finished migration MakeExecutionStatusNonNullable1714133768521 {"file":"migration-helpers.js","function":"logMigrationEnd"}
2025-07-10T04:10:37.521Z | info  | Starting migration AddActivatedAtUserSetting1717498465931 {"file":"migration-helpers.js","function":"logMigrationStart"}
2025-07-10T04:10:37.522Z | info  | Finished migration AddActivatedAtUserSetting1717498465931 {"file":"migration-helpers.js","function":"logMigrationEnd"}
2025-07-10T04:10:37.524Z | info  | Starting migration AddConstraintToExecutionMetadata1720101653148 {"file":"migration-helpers.js","function":"logMigrationStart"}
2025-07-10T04:10:37.569Z | info  | Finished migration AddConstraintToExecutionMetadata1720101653148 {"file":"migration-helpers.js","function":"logMigrationEnd"}
2025-07-10T04:10:37.572Z | info  | Starting migration FixExecutionMetadataSequence1721377157740 {"file":"migration-helpers.js","function":"logMigrationStart"}
2025-07-10T04:10:37.574Z | info  | Finished migration FixExecutionMetadataSequence1721377157740 {"file":"migration-helpers.js","function":"logMigrationEnd"}
2025-07-10T04:10:37.577Z | info  | Starting migration CreateInvalidAuthTokenTable1723627610222 {"file":"migration-helpers.js","function":"logMigrationStart"}
2025-07-10T04:10:37.584Z | info  | Finished migration CreateInvalidAuthTokenTable1723627610222 {"file":"migration-helpers.js","function":"logMigrationEnd"}
2025-07-10T04:10:37.586Z | info  | Starting migration RefactorExecutionIndices1723796243146 {"file":"migration-helpers.js","function":"logMigrationStart"}
2025-07-10T04:10:37.598Z | info  | Finished migration RefactorExecutionIndices1723796243146 {"file":"migration-helpers.js","function":"logMigrationEnd"}
2025-07-10T04:10:37.614Z | info  | Starting migration CreateAnnotationTables1724753530828 {"file":"migration-helpers.js","function":"logMigrationStart"}
2025-07-10T04:10:37.662Z | info  | Finished migration CreateAnnotationTables1724753530828 {"file":"migration-helpers.js","function":"logMigrationEnd"}
2025-07-10T04:10:37.665Z | info  | Starting migration AddApiKeysTable1724951148974 {"file":"migration-helpers.js","function":"logMigrationStart"}
2025-07-10T04:10:37.684Z | info  | Finished migration AddApiKeysTable1724951148974 {"file":"migration-helpers.js","function":"logMigrationEnd"}
2025-07-10T04:10:37.686Z | info  | Starting migration CreateProcessedDataTable1726606152711 {"file":"migration-helpers.js","function":"logMigrationStart"}
2025-07-10T04:10:37.701Z | info  | Finished migration CreateProcessedDataTable1726606152711 {"file":"migration-helpers.js","function":"logMigrationEnd"}
2025-07-10T04:10:37.706Z | info  | Starting migration SeparateExecutionCreationFromStart1727427440136 {"file":"migration-helpers.js","function":"logMigrationStart"}
2025-07-10T04:10:37.733Z | info  | Finished migration SeparateExecutionCreationFromStart1727427440136 {"file":"migration-helpers.js","function":"logMigrationEnd"}
2025-07-10T04:10:37.735Z | info  | Starting migration AddMissingPrimaryKeyOnAnnotationTagMapping1728659839644 {"file":"migration-helpers.js","function":"logMigrationStart"}
2025-07-10T04:10:37.755Z | info  | Finished migration AddMissingPrimaryKeyOnAnnotationTagMapping1728659839644 {"file":"migration-helpers.js","function":"logMigrationEnd"}
2025-07-10T04:10:37.758Z | info  | Starting migration UpdateProcessedDataValueColumnToText1729607673464 {"file":"migration-helpers.js","function":"logMigrationStart"}
2025-07-10T04:10:37.784Z | info  | Finished migration UpdateProcessedDataValueColumnToText1729607673464 {"file":"migration-helpers.js","function":"logMigrationEnd"}
2025-07-10T04:10:37.786Z | info  | Starting migration CreateTestDefinitionTable1730386903556 {"file":"migration-helpers.js","function":"logMigrationStart"}
2025-07-10T04:10:37.801Z | info  | Finished migration CreateTestDefinitionTable1730386903556 {"file":"migration-helpers.js","function":"logMigrationEnd"}
2025-07-10T04:10:37.811Z | info  | Starting migration AddDescriptionToTestDefinition1731404028106 {"file":"migration-helpers.js","function":"logMigrationStart"}
2025-07-10T04:10:37.836Z | info  | Finished migration AddDescriptionToTestDefinition1731404028106 {"file":"migration-helpers.js","function":"logMigrationEnd"}
2025-07-10T04:10:37.838Z | info  | Starting migration MigrateTestDefinitionKeyToString1731582748663 {"file":"migration-helpers.js","function":"logMigrationStart"}
2025-07-10T04:10:37.848Z | info  | Finished migration MigrateTestDefinitionKeyToString1731582748663 {"file":"migration-helpers.js","function":"logMigrationEnd"}
2025-07-10T04:10:37.850Z | info  | Starting migration CreateTestMetricTable1732271325258 {"file":"migration-helpers.js","function":"logMigrationStart"}
2025-07-10T04:10:37.859Z | info  | Finished migration CreateTestMetricTable1732271325258 {"file":"migration-helpers.js","function":"logMigrationEnd"}
2025-07-10T04:10:37.861Z | info  | Starting migration CreateTestRun1732549866705 {"file":"migration-helpers.js","function":"logMigrationStart"}
2025-07-10T04:10:37.869Z | info  | Finished migration CreateTestRun1732549866705 {"file":"migration-helpers.js","function":"logMigrationEnd"}
2025-07-10T04:10:37.921Z | debug | [license] initializing for deviceFingerprint 2178bc68618382aa99c27a42f056036d7fadd6c46bbbe559836a89662cd27853 {"scopes":["license"],"file":"LicenseManager.js","function":"log"}
2025-07-10T04:10:37.928Z | debug | [license] attempting license renewal {"scopes":["license"],"file":"LicenseManager.js","function":"log"}
2025-07-10T04:10:37.929Z | debug | License initialized {"scopes":["license"],"file":"license.js","function":"init"}
2025-07-10T04:10:37.930Z | debug | Orchestration init complete {"file":"start.js","function":"init"}
2025-07-10T04:10:37.930Z | debug | Started tracking waiting executions {"scopes":["waiting-executions"],"file":"wait-tracker.js","function":"startTracking"}
2025-07-10T04:10:37.931Z | debug | Querying database for waiting executions {"scopes":["waiting-executions"],"file":"wait-tracker.js","function":"getWaitingExecutions"}
2025-07-10T04:10:37.933Z | debug | Wait tracker init complete {"file":"start.js","function":"init"}
2025-07-10T04:10:37.936Z | debug | Binary data service init complete {"file":"start.js","function":"init"}
2025-07-10T04:10:37.937Z | debug | Data deduplication service init complete {"file":"start.js","function":"init"}
2025-07-10T04:10:37.938Z | debug | External hooks init complete {"file":"start.js","function":"init"}
2025-07-10T04:10:37.950Z | debug | External secrets init complete {"file":"start.js","function":"init"}
2025-07-10T04:10:37.950Z | debug | Workflow history init complete {"file":"start.js","function":"init"}
2025-07-10T04:10:40.216Z | debug | Initializing event bus... {"file":"message-event-bus.js","function":"initialize"}
2025-07-10T04:10:40.219Z | debug | Initializing event writer {"file":"message-event-bus.js","function":"initialize"}
2025-07-10T04:10:40.222Z | debug | Checking for unsent event messages {"file":"message-event-bus.js","function":"initialize"}
2025-07-10T04:10:40.269Z | debug | Start logging into /home/node/.n8n/n8nEventLog.log  {"file":"message-event-bus.js","function":"initialize"}
2025-07-10T04:10:40.282Z | debug | MessageEventBus initialized {"file":"message-event-bus.js","function":"initialize"}
2025-07-10T04:10:40.284Z | info  | Version: 1.71.3 {"file":"abstract-server.js","function":"start"}
2025-07-10T04:10:40.284Z | debug | Server ID: main-uueWmuBTNxKcCUsj {"file":"server.js","function":"start"}
2025-07-10T04:10:40.287Z | debug | Soft-deletion every 60 minutes {"scopes":["pruning"],"file":"pruning.service.js","function":"scheduleRollingSoftDeletions"}
2025-07-10T04:10:40.288Z | debug | Hard-deletion in next 15 minutes {"scopes":["pruning"],"file":"pruning.service.js","function":"scheduleNextHardDeletion"}
2025-07-10T04:10:40.299Z [Rudder] debug: in flush
2025-07-10T04:10:40.302Z [Rudder] debug: no existing flush timer, creating new one

Editor is now accessible via:
https://n8n.ntvn8n.xyz:5678/
2025-07-10T04:10:50.305Z [Rudder] debug: in flush
2025-07-10T04:10:50.305Z [Rudder] debug: cancelling existing flushTimer...
2025-07-10T04:11:37.931Z | debug | Querying database for waiting executions {"scopes":["waiting-executions"],"file":"wait-tracker.js","function":"getWaitingExecutions"}
2025-07-10T04:12:37.931Z | debug | Querying database for waiting executions {"scopes":["waiting-executions"],"file":"wait-tracker.js","function":"getWaitingExecutions"}
2025-07-10T04:13:37.931Z | debug | Querying database for waiting executions {"scopes":["waiting-executions"],"file":"wait-tracker.js","function":"getWaitingExecutions"}
2025-07-10T04:14:37.932Z | debug | Querying database for waiting executions {"scopes":["waiting-executions"],"file":"wait-tracker.js","function":"getWaitingExecutions"}
2025-07-10T04:15:37.932Z | debug | Querying database for waiting executions {"scopes":["waiting-executions"],"file":"wait-tracker.js","function":"getWaitingExecutions"}
2025-07-10T04:16:37.932Z | debug | Querying database for waiting executions {"scopes":["waiting-executions"],"file":"wait-tracker.js","function":"getWaitingExecutions"}
2025-07-10T04:17:37.932Z | debug | Querying database for waiting executions {"scopes":["waiting-executions"],"file":"wait-tracker.js","function":"getWaitingExecutions"}
2025-07-10T04:18:37.932Z | debug | Querying database for waiting executions {"scopes":["waiting-executions"],"file":"wait-tracker.js","function":"getWaitingExecutions"}
2025-07-10T04:19:37.933Z | debug | Querying database for waiting executions {"scopes":["waiting-executions"],"file":"wait-tracker.js","function":"getWaitingExecutions"}
2025-07-10T04:20:37.933Z | debug | Querying database for waiting executions {"scopes":["waiting-executions"],"file":"wait-tracker.js","function":"getWaitingExecutions"}
2025-07-10T04:21:37.933Z | debug | Querying database for waiting executions {"scopes":["waiting-executions"],"file":"wait-tracker.js","function":"getWaitingExecutions"}
2025-07-10T04:22:37.934Z | debug | Querying database for waiting executions {"scopes":["waiting-executions"],"file":"wait-tracker.js","function":"getWaitingExecutions"}
2025-07-10T10:10:37.935Z [Rudder] debug: no existing flush timer, creating new one
2025-07-10T10:10:47.939Z [Rudder] debug: in flush
2025-07-10T10:10:47.939Z [Rudder] debug: cancelling existing flushTimer...
2025-07-10T16:10:37.934Z [Rudder] debug: no existing flush timer, creating new one
2025-07-10T16:10:47.936Z [Rudder] debug: in flush
2025-07-10T16:10:47.936Z [Rudder] debug: cancelling existing flushTimer...
2025-07-10T16:27:16.895Z [Rudder] debug: no existing flush timer, creating new one
2025-07-10T16:27:26.895Z [Rudder] debug: in flush
2025-07-10T16:27:26.895Z [Rudder] debug: cancelling existing flushTimer...
2025-07-10T16:28:47.840Z [Rudder] debug: no existing flush timer, creating new one
2025-07-10T16:28:57.840Z [Rudder] debug: in flush
2025-07-10T16:28:57.840Z [Rudder] debug: cancelling existing flushTimer...
2025-07-10T16:29:38.008Z [Rudder] debug: no existing flush timer, creating new one
2025-07-10T16:29:48.008Z [Rudder] debug: in flush
2025-07-10T16:29:48.009Z [Rudder] debug: cancelling existing flushTimer...
2025-07-10T16:30:00.833Z [Rudder] debug: no existing flush timer, creating new one
2025-07-10T16:30:10.833Z [Rudder] debug: in flush
2025-07-10T16:30:10.833Z [Rudder] debug: cancelling existing flushTimer...
2025-07-10T16:34:47.324Z [Rudder] debug: no existing flush timer, creating new one
2025-07-10T16:34:57.326Z [Rudder] debug: in flush
2025-07-10T16:34:57.326Z [Rudder] debug: cancelling existing flushTimer...
2025-07-10T22:10:37.925Z [Rudder] debug: no existing flush timer, creating new one
2025-07-10T22:10:47.926Z [Rudder] debug: in flush
2025-07-10T22:10:47.926Z [Rudder] debug: cancelling existing flushTimer...
2025-07-11T04:10:37.928Z [Rudder] debug: no existing flush timer, creating new one
2025-07-11T04:10:47.930Z [Rudder] debug: in flush
2025-07-11T04:10:47.930Z [Rudder] debug: cancelling existing flushTimer...
2025-07-11T04:52:28.366Z [Rudder] debug: no existing flush timer, creating new one
2025-07-11T04:52:38.367Z [Rudder] debug: in flush
2025-07-11T04:52:38.367Z [Rudder] debug: cancelling existing flushTimer...
2025-07-11T10:10:37.927Z [Rudder] debug: no existing flush timer, creating new one
2025-07-11T10:10:47.928Z [Rudder] debug: in flush
2025-07-11T10:10:47.929Z [Rudder] debug: cancelling existing flushTimer...
2025-07-11T16:10:37.923Z [Rudder] debug: no existing flush timer, creating new one
2025-07-11T16:10:47.923Z [Rudder] debug: in flush
2025-07-11T16:10:47.924Z [Rudder] debug: cancelling existing flushTimer...
2025-07-11T22:10:37.930Z [Rudder] debug: no existing flush timer, creating new one
2025-07-11T22:10:47.931Z [Rudder] debug: in flush
2025-07-11T22:10:47.931Z [Rudder] debug: cancelling existing flushTimer...
2025-07-12T03:10:00.837Z [Rudder] debug: no existing flush timer, creating new one
2025-07-12T03:10:10.837Z [Rudder] debug: in flush
2025-07-12T03:10:10.837Z [Rudder] debug: cancelling existing flushTimer...
2025-07-12T03:11:04.974Z [Rudder] debug: no existing flush timer, creating new one
2025-07-12T03:11:14.975Z [Rudder] debug: in flush
2025-07-12T03:11:14.975Z [Rudder] debug: cancelling existing flushTimer...
2025-07-12T04:10:37.923Z [Rudder] debug: no existing flush timer, creating new one
2025-07-12T04:10:47.924Z [Rudder] debug: in flush
2025-07-12T04:10:47.924Z [Rudder] debug: cancelling existing flushTimer...
2025-07-12T04:20:24.778Z [Rudder] debug: no existing flush timer, creating new one
2025-07-12T04:20:34.778Z [Rudder] debug: in flush
2025-07-12T04:20:34.778Z [Rudder] debug: cancelling existing flushTimer...
2025-07-12T04:26:06.678Z [Rudder] debug: no existing flush timer, creating new one
2025-07-12T04:26:16.679Z [Rudder] debug: in flush
2025-07-12T04:26:16.679Z [Rudder] debug: cancelling existing flushTimer...
2025-07-12T04:26:21.892Z [Rudder] debug: no existing flush timer, creating new one
2025-07-12T04:26:31.893Z [Rudder] debug: in flush
2025-07-12T04:26:31.893Z [Rudder] debug: cancelling existing flushTimer...
2025-07-12T04:28:04.504Z [Rudder] debug: no existing flush timer, creating new one
2025-07-12T04:28:14.504Z [Rudder] debug: in flush
2025-07-12T04:28:14.504Z [Rudder] debug: cancelling existing flushTimer...
2025-07-12T04:31:59.602Z [Rudder] debug: no existing flush timer, creating new one
2025-07-12T04:32:09.602Z [Rudder] debug: in flush
2025-07-12T04:32:09.603Z [Rudder] debug: cancelling existing flushTimer...
2025-07-12T06:10:58.815Z [Rudder] debug: no existing flush timer, creating new one
2025-07-12T06:11:08.818Z [Rudder] debug: in flush
2025-07-12T06:11:08.818Z [Rudder] debug: cancelling existing flushTimer...
2025-07-12T10:10:37.924Z [Rudder] debug: no existing flush timer, creating new one
2025-07-12T10:10:47.925Z [Rudder] debug: in flush
2025-07-12T10:10:47.926Z [Rudder] debug: cancelling existing flushTimer...
2025-07-12T16:10:37.923Z [Rudder] debug: no existing flush timer, creating new one
2025-07-12T16:10:47.923Z [Rudder] debug: in flush
2025-07-12T16:10:47.923Z [Rudder] debug: cancelling existing flushTimer...
2025-07-12T22:10:37.926Z [Rudder] debug: no existing flush timer, creating new one
2025-07-12T22:10:47.927Z [Rudder] debug: in flush
2025-07-12T22:10:47.927Z [Rudder] debug: cancelling existing flushTimer...
2025-07-13T04:10:37.926Z [Rudder] debug: no existing flush timer, creating new one
2025-07-13T04:10:47.927Z [Rudder] debug: in flush
2025-07-13T04:10:47.927Z [Rudder] debug: cancelling existing flushTimer...
